  line.cpp
  main.cpp
  Note: including lib: glut32.lib
  transformation.cpp
C:\Users\41061\Desktop\计算机图形学大作业\计算机图形学题目3-平移旋转放缩\OpenGL\OpenGL\transformation.cpp(12,17): warning C4244:  “=”: 从“int”转换到“float”，可能丢失数据
C:\Users\41061\Desktop\计算机图形学大作业\计算机图形学题目3-平移旋转放缩\OpenGL\OpenGL\transformation.cpp(31,16): warning C4244:  “=”: 从“double”转换到“float”，可能丢失数据
C:\Users\41061\Desktop\计算机图形学大作业\计算机图形学题目3-平移旋转放缩\OpenGL\OpenGL\transformation.cpp(32,13): warning C4244:  “=”: 从“double”转换到“float”，可能丢失数据
C:\Users\41061\Desktop\计算机图形学大作业\计算机图形学题目3-平移旋转放缩\OpenGL\OpenGL\transformation.cpp(33,16): warning C4244:  “=”: 从“double”转换到“float”，可能丢失数据
C:\Users\41061\Desktop\计算机图形学大作业\计算机图形学题目3-平移旋转放缩\OpenGL\OpenGL\transformation.cpp(34,16): warning C4244:  “=”: 从“double”转换到“float”，可能丢失数据
C:\Users\41061\Desktop\计算机图形学大作业\计算机图形学题目3-平移旋转放缩\OpenGL\OpenGL\transformation.cpp(42,16): warning C4244:  “=”: 从“double”转换到“float”，可能丢失数据
C:\Users\41061\Desktop\计算机图形学大作业\计算机图形学题目3-平移旋转放缩\OpenGL\OpenGL\transformation.cpp(43,16): warning C4244:  “=”: 从“double”转换到“float”，可能丢失数据
C:\Users\41061\Desktop\计算机图形学大作业\计算机图形学题目3-平移旋转放缩\OpenGL\OpenGL\transformation.cpp(44,13): warning C4244:  “=”: 从“double”转换到“float”，可能丢失数据
C:\Users\41061\Desktop\计算机图形学大作业\计算机图形学题目3-平移旋转放缩\OpenGL\OpenGL\transformation.cpp(45,16): warning C4244:  “=”: 从“double”转换到“float”，可能丢失数据
C:\Users\41061\Desktop\计算机图形学大作业\计算机图形学题目3-平移旋转放缩\OpenGL\OpenGL\transformation.cpp(53,16): warning C4244:  “=”: 从“double”转换到“float”，可能丢失数据
C:\Users\41061\Desktop\计算机图形学大作业\计算机图形学题目3-平移旋转放缩\OpenGL\OpenGL\transformation.cpp(54,13): warning C4244:  “=”: 从“double”转换到“float”，可能丢失数据
C:\Users\41061\Desktop\计算机图形学大作业\计算机图形学题目3-平移旋转放缩\OpenGL\OpenGL\transformation.cpp(55,16): warning C4244:  “=”: 从“double”转换到“float”，可能丢失数据
C:\Users\41061\Desktop\计算机图形学大作业\计算机图形学题目3-平移旋转放缩\OpenGL\OpenGL\transformation.cpp(56,16): warning C4244:  “=”: 从“double”转换到“float”，可能丢失数据
C:\Users\41061\Desktop\计算机图形学大作业\计算机图形学题目3-平移旋转放缩\OpenGL\OpenGL\transformation.cpp(64,10): warning C4244:  “初始化”: 从“double”转换到“float”，可能丢失数据
C:\Users\41061\Desktop\计算机图形学大作业\计算机图形学题目3-平移旋转放缩\OpenGL\OpenGL\transformation.cpp(64,26): warning C4244:  “初始化”: 从“double”转换到“float”，可能丢失数据
C:\Users\41061\Desktop\计算机图形学大作业\计算机图形学题目3-平移旋转放缩\OpenGL\OpenGL\transformation.cpp(65,12): warning C4244:  “初始化”: 从“double”转换到“float”，可能丢失数据
  正在生成代码
  28 of 28 functions (100.0%) were compiled.
    1 functions were new in current compilation
    0 functions had inline decision re-evaluated but remain unchanged
  已完成代码的生成
  OpenGL.vcxproj -> C:\Users\41061\Desktop\计算机图形学大作业\计算机图形学题目3-平移旋转放缩\OpenGL\Release\OpenGL.exe
